{
  "RSpec": {
    "coverage": {
      "/Users/matt/projects/group-projects/Makersbnb/spec/features/login_spec.rb": [
        1,
        1,
        1,
        1,
        null,
        null,
        1,
        1,
        1,
        1,
        1,
        1,
        1,
        1,
        null,
        null
      ],
      "/Users/matt/projects/group-projects/Makersbnb/spec/listing_spec.rb": [
        1,
        null,
        1,
        1,
        1,
        1,
        null,
        null,
        1,
        1,
        1,
        1,
        null,
        null,
        null
      ],
      "/Users/matt/projects/group-projects/Makersbnb/spec/user_spec.rb": [
        1,
        1,
        1,
        null,
        null,
        1,
        null,
        null,
        1,
        null,
        null,
        null,
        null
      ]
    },
    "timestamp": 1552564067
  }
}
